<?xml version="1.0" encoding="UTF-8"?>
<!-- Generated by org.testng.reporters.JUnitReportReporter -->
<testsuite hostname="MSI" failures="0" tests="2" name="GenerateLog.Test1" time="7.152" errors="0" timestamp="2021-07-29T15:02:55 IST" skipped="0">
  <testcase classname="GenerateLog.Test1" name="Linktest" time="4.113"/>
  <system-out/>
  <testcase classname="GenerateLog.Test1" name="Titletest" time="3.039"/>
  <system-out/>
</testsuite> <!-- GenerateLog.Test1 -->
